<?xml version="1.0" encoding="UTF-8"?>
<!-- Generated by org.testng.reporters.JUnitReportReporter -->
<testsuite hostname="shenhuangjian" name="org.rci.testdataholder.DataLoaderTest" tests="2" failures="0" timestamp="10 Apr 2015 06:57:11 GMT" time="1.805" errors="0">
  <testcase name="testLoadMysqlData" time="1.362" classname="org.rci.testdataholder.DataLoaderTest"/>
  <testcase name="testLoadOracleData" time="0.443" classname="org.rci.testdataholder.DataLoaderTest"/>
</testsuite> <!-- org.rci.testdataholder.DataLoaderTest -->
